<?xml version="1.0" encoding="UTF-8"?>
<!-- Generated by org.testng.reporters.JUnitReportReporter -->
<testsuite hostname="DESKTOP-9ODT9HC" failures="0" tests="1" name="com.comcast.crm.generic.assertion.createOrgTest" time="22.026" errors="0" timestamp="2024-07-18T13:24:59 IST" skipped="0">
  <testcase classname="com.comcast.crm.generic.assertion.createOrgTest" name="createorg" time="22.026"/>
  <system-out/>
</testsuite> <!-- com.comcast.crm.generic.assertion.createOrgTest -->
