<?xml version="1.0" encoding="UTF-8"?>
<!-- Generated by org.testng.reporters.JUnitReportReporter -->
<testsuite hostname="DESKTOP-9ODT9HC" failures="0" tests="2" name="com.crm.generic.basicutility.createContactTest" time="0.034" errors="0" timestamp="2024-07-15T11:44:14 IST" skipped="0">
  <testcase classname="com.crm.generic.basicutility.createContactTest" name="createContactwithDate" time="0.011"/>
  <system-out/>
  <testcase classname="com.crm.generic.basicutility.createContactTest" name="createContact" time="0.023"/>
  <system-out/>
</testsuite> <!-- com.crm.generic.basicutility.createContactTest -->
