<?xml version="1.0" encoding="UTF-8"?>
<!-- Generated by org.testng.reporters.JUnitReportReporter -->
<testsuite hostname="DESKTOP-9ODT9HC" failures="0" tests="1" name="com.comcast.crm.contacttest.Create_contact_lastname_Test" time="26.025" errors="0" timestamp="2024-07-15T15:45:23 IST" skipped="0">
  <testcase classname="com.comcast.crm.contacttest.Create_contact_lastname_Test" name="contactTest" time="26.025"/>
  <system-out/>
</testsuite> <!-- com.comcast.crm.contacttest.Create_contact_lastname_Test -->
