<?xml version="1.0" encoding="UTF-8"?>
<!-- Generated by org.testng.reporters.JUnitReportReporter -->
<testsuite hostname="DESKTOP-9ODT9HC" failures="0" tests="2" name="com.comast.crm.orgtest.Createorgnization_Test" time="77.892" errors="0" timestamp="2024-07-20T15:53:44 IST" skipped="0">
  <testcase classname="com.comast.crm.orgtest.Createorgnization_Test" name="createorg" time="38.650"/>
  <system-out/>
  <testcase classname="com.comast.crm.orgtest.Createorgnization_Test" name="createorg" time="39.242"/>
  <system-out/>
</testsuite> <!-- com.comast.crm.orgtest.Createorgnization_Test -->
