<?xml version="1.0" encoding="UTF-8"?>
<!-- Generated by org.testng.reporters.JUnitReportReporter -->
<testsuite hostname="DESKTOP-9ODT9HC" failures="0" tests="1" name="com.comast.crm.orgtest.utility.Createorgnization_Test" time="28.281" errors="0" timestamp="2024-07-16T15:11:52 IST" skipped="0">
  <testcase classname="com.comast.crm.orgtest.utility.Createorgnization_Test" name="createorg" time="28.281"/>
  <system-out/>
</testsuite> <!-- com.comast.crm.orgtest.utility.Createorgnization_Test -->
