<?xml version="1.0" encoding="UTF-8"?>
<!-- Generated by org.testng.reporters.JUnitReportReporter -->
<testsuite hostname="DESKTOP-9ODT9HC" failures="0" tests="1" name="com.comcast.crm.contacttest.Create_contact_lastname_StartandEndDate" time="24.726" errors="0" timestamp="2024-07-15T15:45:23 IST" skipped="0">
  <testcase classname="com.comcast.crm.contacttest.Create_contact_lastname_StartandEndDate" name="createcontactlastname" time="24.726"/>
  <system-out/>
</testsuite> <!-- com.comcast.crm.contacttest.Create_contact_lastname_StartandEndDate -->
