<?xml version="1.0" encoding="UTF-8"?>
<!-- Generated by org.testng.reporters.JUnitReportReporter -->
<testsuite hostname="ADITYA" failures="0" tests="1" name="practice.SampleReportTest" time="10.189" errors="0" timestamp="2024-07-23T13:31:23 IST" skipped="0">
  <testcase classname="practice.SampleReportTest" name="creatContactTest" time="10.189"/>
</testsuite> <!-- practice.SampleReportTest -->
