<?xml version="1.0" encoding="UTF-8"?>
<!-- Generated by org.testng.reporters.JUnitReportReporter -->
<testsuite hostname="DESKTOP-9ODT9HC" failures="0" tests="1" name="practice.test" time="0.018" errors="0" timestamp="2024-07-15T11:19:34 IST" skipped="0">
  <testcase classname="practice.test" name="test1" time="0.018"/>
  <system-out/>
</testsuite> <!-- practice.test -->
