<?xml version="1.0" encoding="UTF-8"?>
<!-- Generated by org.testng.reporters.JUnitReportReporter -->
<testsuite hostname="DESKTOP-9ODT9HC" failures="0" tests="2" name="practice.createContactTest" time="0.047" errors="0" timestamp="2024-07-15T11:20:00 IST" skipped="0">
  <testcase classname="practice.createContactTest" name="createContactwithDate" time="0.008"/>
  <system-out/>
  <testcase classname="practice.createContactTest" name="createContact" time="0.039"/>
  <system-out/>
</testsuite> <!-- practice.createContactTest -->
