<?xml version="1.0" encoding="UTF-8"?>
<!-- Generated by org.testng.reporters.JUnitReportReporter -->
<testsuite hostname="DESKTOP-9ODT9HC" failures="0" tests="6" name="com.comcast.crm.generic.basicutility.crossbrowsertest.createOrgTest" time="185.103" errors="0" timestamp="2024-07-17T13:36:26 IST" skipped="0">
  <testcase classname="com.comcast.crm.generic.basicutility.crossbrowsertest.createOrgTest" name="createorg" time="34.170"/>
  <system-out/>
  <testcase classname="com.comcast.crm.generic.basicutility.crossbrowsertest.createOrgTest" name="createOrgwithIndustry" time="30.688"/>
  <system-out/>
  <testcase classname="com.comcast.crm.generic.basicutility.crossbrowsertest.createOrgTest" name="createOrgwithIndustry" time="32.903"/>
  <system-out/>
  <testcase classname="com.comcast.crm.generic.basicutility.crossbrowsertest.createOrgTest" name="createorg" time="28.992"/>
  <system-out/>
  <testcase classname="com.comcast.crm.generic.basicutility.crossbrowsertest.createOrgTest" name="createorgwithIndandType" time="29.545"/>
  <system-out/>
  <testcase classname="com.comcast.crm.generic.basicutility.crossbrowsertest.createOrgTest" name="createorgwithIndandType" time="28.805"/>
  <system-out/>
</testsuite> <!-- com.comcast.crm.generic.basicutility.crossbrowsertest.createOrgTest -->
