<?xml version="1.0" encoding="UTF-8"?>
<!-- Generated by org.testng.reporters.JUnitReportReporter -->
<testsuite hostname="DESKTOP-9ODT9HC" failures="0" tests="1" name="com.comast.crm.orgtest.Createorgnization_byindustry_Test2" time="25.444" errors="0" timestamp="2024-07-15T15:45:23 IST" skipped="0">
  <testcase classname="com.comast.crm.orgtest.Createorgnization_byindustry_Test2" name="createOrg_industry" time="25.444"/>
  <system-out/>
</testsuite> <!-- com.comast.crm.orgtest.Createorgnization_byindustry_Test2 -->
