<?xml version="1.0" encoding="UTF-8"?>
<!-- Generated by org.testng.reporters.JUnitReportReporter -->
<testsuite hostname="DESKTOP-9ODT9HC" failures="0" tests="3" name="com.comcast.crm.contacttest.contact" time="83.230" errors="0" timestamp="2024-07-15T15:45:23 IST" skipped="0">
  <testcase classname="com.comcast.crm.contacttest.contact" name="contact_supportdate" time="21.019"/>
  <system-out/>
  <testcase classname="com.comcast.crm.contacttest.contact" name="contact_org" time="39.165"/>
  <system-out/>
  <testcase classname="com.comcast.crm.contacttest.contact" name="contactTest" time="23.046"/>
  <system-out/>
</testsuite> <!-- com.comcast.crm.contacttest.contact -->
