<?xml version="1.0" encoding="UTF-8"?>
<!-- Generated by org.testng.reporters.JUnitReportReporter -->
<testsuite hostname="ADITYA" failures="0" tests="1" name="com.comcast.crm.generic.assertion.createContactTest" time="19.522" errors="0" timestamp="2024-07-24T15:16:09 IST" skipped="0">
  <testcase classname="com.comcast.crm.generic.assertion.createContactTest" name="createContact" time="19.522"/>
</testsuite> <!-- com.comcast.crm.generic.assertion.createContactTest -->
