<?xml version="1.0" encoding="UTF-8"?>
<!-- Generated by org.testng.reporters.JUnitReportReporter -->
<testsuite hostname="DESKTOP-9ODT9HC" failures="0" tests="2" name="com.crm.generic.basicutility.createOrgTest" time="0.011" errors="0" timestamp="2024-07-15T11:44:14 IST" skipped="0">
  <testcase classname="com.crm.generic.basicutility.createOrgTest" name="createorg" time="0.008"/>
  <system-out/>
  <testcase classname="com.crm.generic.basicutility.createOrgTest" name="createOrgwithIndustry" time="0.003"/>
  <system-out/>
</testsuite> <!-- com.crm.generic.basicutility.createOrgTest -->
