<?xml version="1.0" encoding="UTF-8"?>
<!-- Generated by org.testng.reporters.JUnitReportReporter -->
<testsuite hostname="DESKTOP-9ODT9HC" failures="0" tests="6" name="com.comcast.crm.generic.basicutility.crossbrowsertest.createContactTest" time="321.210" errors="0" timestamp="2024-07-17T13:36:26 IST" skipped="0">
  <testcase classname="com.comcast.crm.generic.basicutility.crossbrowsertest.createContactTest" name="createconwithorg" time="58.884"/>
  <system-out/>
  <testcase classname="com.comcast.crm.generic.basicutility.crossbrowsertest.createContactTest" name="createContact" time="46.843"/>
  <system-out/>
  <testcase classname="com.comcast.crm.generic.basicutility.crossbrowsertest.createContactTest" name="createContactwithDate" time="43.052"/>
  <system-out/>
  <testcase classname="com.comcast.crm.generic.basicutility.crossbrowsertest.createContactTest" name="createContact" time="58.549"/>
  <system-out/>
  <testcase classname="com.comcast.crm.generic.basicutility.crossbrowsertest.createContactTest" name="createContactwithDate" time="38.013"/>
  <system-out/>
  <testcase classname="com.comcast.crm.generic.basicutility.crossbrowsertest.createContactTest" name="createconwithorg" time="75.869"/>
  <system-out/>
</testsuite> <!-- com.comcast.crm.generic.basicutility.crossbrowsertest.createContactTest -->
